<?xml version="1.0" encoding="UTF-8"?>
<!-- Generated by org.testng.reporters.JUnitReportReporter -->
<testsuite hostname="DESKTOP-MN2RO4U" failures="0" tests="1" name="com.TestLayer.TestSearchedBusPage" time="9.015" errors="0" timestamp="2021-12-25T16:44:18 IST" skipped="0">
  <testcase classname="com.TestLayer.TestSearchedBusPage" name="validateSearchedBusPage" time="9.015"/>
  <system-out/>
</testsuite> <!-- com.TestLayer.TestSearchedBusPage -->
