<?xml version="1.0" encoding="UTF-8"?>
<!-- Generated by org.testng.reporters.JUnitReportReporter -->
<testsuite hostname="DESKTOP-MN2RO4U" failures="0" tests="1" name="com.TestLayer.TestHomePage" time="9.876" errors="0" timestamp="2021-12-25T15:20:03 IST" skipped="0">
  <testcase classname="com.TestLayer.TestHomePage" name="testSearchBusFunctionality" time="9.876"/>
  <system-out/>
</testsuite> <!-- com.TestLayer.TestHomePage -->
